<?xml version="1.0" encoding="UTF-8"?>
<persistence xmlns="http://java.sun.com/xml/ns/persistence"
             xmlns:xsi="http://www.w3.org/2001/XMLSchema-instance"
             xsi:schemaLocation="http://java.sun.com/xml/ns/persistence
             http://java.sun.com/xml/ns/persistence/persistence_2_0.xsd"
             version="2.0">
  <persistence-unit name="${artifactId}" transaction-type="JTA">
    <jta-data-source>java:/datasources/${artifactId}</jta-data-source>
    <properties>
	  <!-- JPA 2.1 properties for database schema generation -->
      <property name="javax.persistence.schema-generation.scripts.action" value="create"/>
      <property name="javax.persistence.schema-generation.scripts.create-target"
                value="${artifactId}-schema.ddl"/>
      <!-- Properties for Hibernate (default provider for Wildfly, must be installed on GlassFish) -->
      <property name="hibernate.show_sql" value="true"/>
      <property name="hibernate.format_sql" value="false"/>
      <property name="hibernate.cache.provider_class" value="org.hibernate.cache.NoCacheProvider"/>
    </properties>
  </persistence-unit>
</persistence>
